design1.obj : error LNK2019: unresolved external symbol endwin referenced in function main
design1.obj : error LNK2019: unresolved external symbol initscr referenced in function main
design1.obj : error LNK2019: unresolved external symbol move referenced in function main
design1.obj : error LNK2019: unresolved external symbol printw referenced in function main
design1.obj : error LNK2019: unresolved external symbol refresh referenced in function main
design1.obj : error LNK2019: unresolved external symbol wgetch referenced in function main
design1.obj : error LNK2001: unresolved external symbol stdscr
ncurwin\ncurses.lib : warning LNK4272: library machine type 'x86' conflicts with target machine type 'x64'
H:\Downloads\src\rust\cpp\puzzle_demo\x64\Debug\design1.exe : fatal error LNK1120: 7 unresolved externals
