  PuzzleGame.cpp
  design0.cpp
  Generating Code...
PuzzleGame.obj : error LNK2019: unresolved external symbol "private: void __thiscall PuzzleGame::startGame(void)" (?startGame@PuzzleGame@@AAEXXZ) referenced in function "public: __thiscall PuzzleGame::PuzzleGame(void)" (??0PuzzleGame@@QAE@XZ)
C:\Users\User\Dropbox\rtmp\src\rust\cpp\puzzle_demo\Debug\design1.exe : fatal error LNK1120: 1 unresolved externals
